# JRE version: OpenJDK Runtime Environment Temurin-17.0.1+12 (17.0.1+12) (build 17.0.1+12)
# Java VM: OpenJDK 64-Bit Server VM Temurin-17.0.1+12 (17.0.1+12, mixed mode, tiered, compressed oops, compressed class ptrs, g1 gc, windows-amd64)
GC Precious Log:
 CPUs: 4 total, 4 available
 Memory: 3971M
 Large Page Support: Disabled
 NUMA Support: Disabled
 Compressed Oops: Enabled (32-bit)
 Heap Region Size: 1M
 Heap Min Capacity: 8M
 Heap Initial Capacity: 64M
 Heap Max Capacity: 994M
 Pre-touch: Disabled
 Parallel Workers: 4
 Concurrent Workers: 1
 Concurrent Refinement Workers: 4
 Periodic GC: Disabled
Heap:
 garbage-first heap   total 65536K, used 37861K [0x00000000c1e00000, 0x0000000100000000)
  region size 1024K, 6 young (6144K), 3 survivors (3072K)
 Metaspace       used 58994K, committed 59328K, reserved 1105920K
  class space    used 7632K, committed 7808K, reserved 1048576K
GC Heap History (20 events):
Event: 12.368 GC heap before
{Heap before GC invocations=14 (full 0):
 garbage-first heap   total 37888K, used 27517K [0x00000000c1e00000, 0x0000000100000000)
  region size 1024K, 14 young (14336K), 2 survivors (2048K)
 Metaspace       used 33577K, committed 33856K, reserved 1081344K
  class space    used 4059K, committed 4224K, reserved 1048576K
}
Event: 12.370 GC heap after
{Heap after GC invocations=15 (full 0):
 garbage-first heap   total 37888K, used 16011K [0x00000000c1e00000, 0x0000000100000000)
  region size 1024K, 1 young (1024K), 1 survivors (1024K)
 Metaspace       used 33577K, committed 33856K, reserved 1081344K
  class space    used 4059K, committed 4224K, reserved 1048576K
}
Event: 12.374 GC heap before
{Heap before GC invocations=15 (full 0):
 garbage-first heap   total 37888K, used 28299K [0x00000000c1e00000, 0x0000000100000000)
  region size 1024K, 14 young (14336K), 1 survivors (1024K)
 Metaspace       used 33577K, committed 33856K, reserved 1081344K
  class space    used 4059K, committed 4224K, reserved 1048576K
}
Event: 12.374 GC heap after
{Heap after GC invocations=16 (full 0):
 garbage-first heap   total 37888K, used 16028K [0x00000000c1e00000, 0x0000000100000000)
  region size 1024K, 1 young (1024K), 1 survivors (1024K)
 Metaspace       used 33577K, committed 33856K, reserved 1081344K
  class space    used 4059K, committed 4224K, reserved 1048576K
}
Event: 12.402 GC heap before
{Heap before GC invocations=16 (full 0):
 garbage-first heap   total 37888K, used 28316K [0x00000000c1e00000, 0x0000000100000000)
  region size 1024K, 14 young (14336K), 1 survivors (1024K)
 Metaspace       used 33590K, committed 33920K, reserved 1081344K
  class space    used 4059K, committed 4224K, reserved 1048576K
}
Event: 12.403 GC heap after
{Heap after GC invocations=17 (full 0):
 garbage-first heap   total 37888K, used 16146K [0x00000000c1e00000, 0x0000000100000000)
  region size 1024K, 1 young (1024K), 1 survivors (1024K)
 Metaspace       used 33590K, committed 33920K, reserved 1081344K
  class space    used 4059K, committed 4224K, reserved 1048576K
}
Event: 12.565 GC heap before
{Heap before GC invocations=17 (full 0):
 garbage-first heap   total 37888K, used 28434K [0x00000000c1e00000, 0x0000000100000000)
  region size 1024K, 14 young (14336K), 1 survivors (1024K)
 Metaspace       used 34271K, committed 34560K, reserved 1081344K
  class space    used 4122K, committed 4224K, reserved 1048576K
}
Event: 12.567 GC heap after
{Heap after GC invocations=18 (full 0):
 garbage-first heap   total 37888K, used 16620K [0x00000000c1e00000, 0x0000000100000000)
  region size 1024K, 1 young (1024K), 1 survivors (1024K)
 Metaspace       used 34271K, committed 34560K, reserved 1081344K
  class space    used 4122K, committed 4224K, reserved 1048576K
}
Event: 12.571 GC heap before
{Heap before GC invocations=18 (full 0):
 garbage-first heap   total 37888K, used 29932K [0x00000000c1e00000, 0x0000000100000000)
  region size 1024K, 15 young (15360K), 1 survivors (1024K)
 Metaspace       used 34271K, committed 34560K, reserved 1081344K
  class space    used 4122K, committed 4224K, reserved 1048576K
}
Event: 12.572 GC heap after
{Heap after GC invocations=19 (full 0):
 garbage-first heap   total 37888K, used 16666K [0x00000000c1e00000, 0x0000000100000000)
  region size 1024K, 1 young (1024K), 1 survivors (1024K)
 Metaspace       used 34271K, committed 34560K, reserved 1081344K
  class space    used 4122K, committed 4224K, reserved 1048576K
}
Event: 12.576 GC heap before
{Heap before GC invocations=19 (full 0):
 garbage-first heap   total 37888K, used 29978K [0x00000000c1e00000, 0x0000000100000000)
  region size 1024K, 15 young (15360K), 1 survivors (1024K)
 Metaspace       used 34271K, committed 34560K, reserved 1081344K
  class space    used 4122K, committed 4224K, reserved 1048576K
}
Event: 12.578 GC heap after
{Heap after GC invocations=20 (full 0):
 garbage-first heap   total 91136K, used 16697K [0x00000000c1e00000, 0x0000000100000000)
  region size 1024K, 1 young (1024K), 1 survivors (1024K)
 Metaspace       used 34271K, committed 34560K, reserved 1081344K
  class space    used 4122K, committed 4224K, reserved 1048576K
}
Event: 13.550 GC heap before
{Heap before GC invocations=20 (full 0):
 garbage-first heap   total 91136K, used 32057K [0x00000000c1e00000, 0x0000000100000000)
  region size 1024K, 17 young (17408K), 1 survivors (1024K)
 Metaspace       used 35650K, committed 35968K, reserved 1081344K
  class space    used 4290K, committed 4480K, reserved 1048576K
}
Event: 13.554 GC heap after
{Heap after GC invocations=21 (full 0):
 garbage-first heap   total 91136K, used 17248K [0x00000000c1e00000, 0x0000000100000000)
  region size 1024K, 2 young (2048K), 2 survivors (2048K)
 Metaspace       used 35650K, committed 35968K, reserved 1081344K
  class space    used 4290K, committed 4480K, reserved 1048576K
}
Event: 17.650 GC heap before
{Heap before GC invocations=22 (full 0):
 garbage-first heap   total 65536K, used 53088K [0x00000000c1e00000, 0x0000000100000000)
  region size 1024K, 38 young (38912K), 2 survivors (2048K)
 Metaspace       used 45639K, committed 45952K, reserved 1089536K
  class space    used 5789K, committed 5952K, reserved 1048576K
}
Event: 17.658 GC heap after
{Heap after GC invocations=23 (full 0):
 garbage-first heap   total 65536K, used 19217K [0x00000000c1e00000, 0x0000000100000000)
  region size 1024K, 4 young (4096K), 4 survivors (4096K)
 Metaspace       used 45639K, committed 45952K, reserved 1089536K
  class space    used 5789K, committed 5952K, reserved 1048576K
}
Event: 24.656 GC heap before
{Heap before GC invocations=23 (full 0):
 garbage-first heap   total 65536K, used 53009K [0x00000000c1e00000, 0x0000000100000000)
  region size 1024K, 37 young (37888K), 4 survivors (4096K)
 Metaspace       used 52638K, committed 52928K, reserved 1097728K
  class space    used 6802K, committed 6976K, reserved 1048576K
}
Event: 24.666 GC heap after
{Heap after GC invocations=24 (full 0):
 garbage-first heap   total 65536K, used 21185K [0x00000000c1e00000, 0x0000000100000000)
  region size 1024K, 4 young (4096K), 4 survivors (4096K)
 Metaspace       used 52638K, committed 52928K, reserved 1097728K
  class space    used 6802K, committed 6976K, reserved 1048576K
}
Event: 25.761 GC heap before
{Heap before GC invocations=24 (full 0):
 garbage-first heap   total 65536K, used 52929K [0x00000000c1e00000, 0x0000000100000000)
  region size 1024K, 35 young (35840K), 4 survivors (4096K)
 Metaspace       used 55722K, committed 56064K, reserved 1105920K
  class space    used 7206K, committed 7360K, reserved 1048576K
}
Event: 25.771 GC heap after
{Heap after GC invocations=25 (full 0):
 garbage-first heap   total 65536K, used 23138K [0x00000000c1e00000, 0x0000000100000000)
  region size 1024K, 4 young (4096K), 4 survivors (4096K)
 Metaspace       used 55722K, committed 56064K, reserved 1105920K
  class space    used 7206K, committed 7360K, reserved 1048576K
}

